<?xml version="1.0" encoding="UTF-8"?>
<!-- Generated by org.testng.reporters.JUnitReportReporter -->
<testsuite hostname="welcome-PC" failures="0" tests="3" name="com.TestNG_TDD.simple_Annot" time="0.019" errors="0" timestamp="2021-03-22T10:51:24 IST" skipped="0">
  <testcase classname="com.TestNG_TDD.simple_Annot" name="mobsearch" time="0.007"/>
  <system-out/>
  <testcase classname="com.TestNG_TDD.simple_Annot" name="earphone" time="0.009"/>
  <system-out/>
  <testcase classname="com.TestNG_TDD.simple_Annot" name="laptopsearch" time="0.003"/>
  <system-out/>
</testsuite> <!-- com.TestNG_TDD.simple_Annot -->
