<?xml version="1.0" encoding="UTF-8"?>
<!-- Generated by org.testng.reporters.JUnitReportReporter -->
<testsuite hostname="welcome-PC" failures="0" tests="2" name="com.TestNG_TDD.dataprovidertest" time="0.012" errors="0" timestamp="2021-03-22T11:07:36 IST" skipped="0">
  <testcase classname="com.TestNG_TDD.dataprovidertest" name="credential" time="0.003"/>
  <system-out/>
  <testcase classname="com.TestNG_TDD.dataprovidertest" name="credential" time="0.009"/>
  <system-out/>
</testsuite> <!-- com.TestNG_TDD.dataprovidertest -->
