<?xml version="1.0" encoding="UTF-8"?>
<!-- Generated by org.testng.reporters.JUnitReportReporter -->
<testsuite hostname="welcome-PC" failures="0" tests="5" name="com.TestNG_TDD.grouping" time="0.017" errors="0" timestamp="2021-03-24T10:28:15 IST" skipped="0">
  <testcase classname="com.TestNG_TDD.grouping" name="lapsearch" time="0.002"/>
  <system-out/>
  <testcase classname="com.TestNG_TDD.grouping" name="mobsearch" time="0.001"/>
  <system-out/>
  <testcase classname="com.TestNG_TDD.grouping" name="moviesearch" time="0.002"/>
  <system-out/>
  <testcase classname="com.TestNG_TDD.grouping" name="earphonesearch" time="0.011"/>
  <system-out/>
  <testcase classname="com.TestNG_TDD.grouping" name="musicsearch" time="0.001"/>
  <system-out/>
</testsuite> <!-- com.TestNG_TDD.grouping -->
