<?xml version="1.0" encoding="UTF-8"?>
<!-- Generated by org.testng.reporters.JUnitReportReporter -->
<testsuite hostname="welcome-PC" failures="0" tests="4" name="com.TestNG_TDD.priority_test" time="0.018" errors="0" timestamp="2021-03-21T09:34:57 IST" skipped="0">
  <testcase classname="com.TestNG_TDD.priority_test" name="earphone" time="0.013"/>
  <system-out/>
  <testcase classname="com.TestNG_TDD.priority_test" name="laptopsearch" time="0.002"/>
  <system-out/>
  <testcase classname="com.TestNG_TDD.priority_test" name="mussearch" time="0.002"/>
  <system-out/>
  <testcase classname="com.TestNG_TDD.priority_test" name="mobsearch" time="0.001"/>
  <system-out/>
</testsuite> <!-- com.TestNG_TDD.priority_test -->
