<?xml version="1.0" encoding="UTF-8"?>
<!-- Generated by org.testng.reporters.JUnitReportReporter -->
<testsuite hostname="welcome-PC" failures="0" tests="5" name="com.TestNG_TDD.invocation_test" time="0.020" errors="0" timestamp="2021-03-21T09:41:50 IST" skipped="0">
  <testcase classname="com.TestNG_TDD.invocation_test" name="url" time="0.014"/>
  <system-out/>
  <testcase classname="com.TestNG_TDD.invocation_test" name="refresh" time="0.002"/>
  <system-out/>
  <testcase classname="com.TestNG_TDD.invocation_test" name="refresh" time="0.001"/>
  <system-out/>
  <testcase classname="com.TestNG_TDD.invocation_test" name="refresh" time="0.002"/>
  <system-out/>
  <testcase classname="com.TestNG_TDD.invocation_test" name="login" time="0.001"/>
  <system-out/>
</testsuite> <!-- com.TestNG_TDD.invocation_test -->
