<?xml version="1.0" encoding="UTF-8"?>
<!-- Generated by org.testng.reporters.JUnitReportReporter -->
<testsuite hostname="welcome-PC" failures="0" tests="1" name="com.TestNG_TDD.parametrised_test" time="0.009" errors="0" timestamp="2021-03-22T10:33:18 IST" skipped="0">
  <testcase classname="com.TestNG_TDD.parametrised_test" name="credential" time="0.009"/>
  <system-out/>
</testsuite> <!-- com.TestNG_TDD.parametrised_test -->
