<?xml version="1.0" encoding="UTF-8"?>
<!-- Generated by org.testng.reporters.JUnitReportReporter -->
<testsuite hostname="welcome-PC" failures="0" tests="1" name="com.TestNG_TDD.verifytest" time="0.046" errors="0" timestamp="2021-03-25T11:37:24 IST" skipped="0">
  <testcase classname="com.TestNG_TDD.verifytest" name="data" time="0.046"/>
  <system-out/>
</testsuite> <!-- com.TestNG_TDD.verifytest -->
