<?xml version="1.0" encoding="UTF-8"?>
<!-- Generated by org.testng.reporters.JUnitReportReporter -->
<testsuite hostname="welcome-PC" failures="0" tests="1" name="com.TestNG_TDD.validtest" time="0.014" errors="0" timestamp="2021-03-25T11:37:49 IST" skipped="0">
  <testcase classname="com.TestNG_TDD.validtest" name="credential" time="0.014"/>
  <system-out/>
</testsuite> <!-- com.TestNG_TDD.validtest -->
