<?xml version="1.0" encoding="UTF-8"?>
<!-- Generated by org.testng.reporters.JUnitReportReporter -->
<testsuite hostname="welcome-PC" failures="0" tests="3" name="com.TestNG_TDD.ignore_test" time="0.011" errors="0" timestamp="2021-03-20T11:02:48 IST" skipped="2">
  <testcase classname="com.TestNG_TDD.ignore_test" name="musicsearch" time="0.011"/>
  <system-out/>
  <testcase classname="com.TestNG_TDD.ignore_test" name="earphone">
    <skipped/>
  </testcase> <!-- earphone -->
  <system-out/>
  <testcase classname="com.TestNG_TDD.ignore_test" name="mobsearch">
    <skipped/>
  </testcase> <!-- mobsearch -->
  <system-out/>
</testsuite> <!-- com.TestNG_TDD.ignore_test -->
